<?xml version="1.0" encoding="UTF-8"?>
<coverage generated="1705496958306" clover="3.2.0">
  <project timestamp="1705496958306" name="All files">
    <metrics statements="23" coveredstatements="23" conditionals="6" coveredconditionals="6" methods="3" coveredmethods="3" elements="32" coveredelements="32" complexity="0" loc="23" ncloc="23" packages="1" files="1" classes="1"/>
    <file name="manipulate.js" path="/mnt/sda/exam/neversitup-test-template/javascript/manipulate.js">
      <metrics statements="23" coveredstatements="23" conditionals="6" coveredconditionals="6" methods="3" coveredmethods="3"/>
      <line num="7" count="1" type="stmt"/>
      <line num="9" count="5" type="cond" truecount="2" falsecount="0"/>
      <line num="10" count="1" type="stmt"/>
      <line num="12" count="4" type="stmt"/>
      <line num="13" count="4" type="stmt"/>
      <line num="14" count="4" type="stmt"/>
      <line num="16" count="4" type="stmt"/>
      <line num="17" count="102" type="stmt"/>
      <line num="18" count="102" type="stmt"/>
      <line num="19" count="102" type="stmt"/>
      <line num="22" count="4" type="stmt"/>
      <line num="23" count="55" type="cond" truecount="2" falsecount="0"/>
      <line num="24" count="33" type="stmt"/>
      <line num="26" count="22" type="stmt"/>
      <line num="27" count="51" type="stmt"/>
      <line num="28" count="51" type="stmt"/>
      <line num="29" count="51" type="stmt"/>
      <line num="34" count="4" type="stmt"/>
      <line num="36" count="4" type="stmt"/>
      <line num="37" count="33" type="cond" truecount="2" falsecount="0"/>
      <line num="38" count="15" type="stmt"/>
      <line num="42" count="4" type="stmt"/>
      <line num="46" count="1" type="stmt"/>
    </file>
  </project>
</coverage>
