<?xml version="1.0" encoding="UTF-8"?>
<coverage generated="1705498414231" clover="3.2.0">
  <project timestamp="1705498414231" name="All files">
    <metrics statements="44" coveredstatements="44" conditionals="19" coveredconditionals="18" methods="6" coveredmethods="6" elements="69" coveredelements="68" complexity="0" loc="44" ncloc="44" packages="1" files="3" classes="3"/>
    <file name="manipulate.js" path="/mnt/sda/exam/neversitup-test-template/javascript/manipulate.js">
      <metrics statements="23" coveredstatements="23" conditionals="6" coveredconditionals="6" methods="3" coveredmethods="3"/>
      <line num="7" count="1" type="stmt"/>
      <line num="9" count="5" type="cond" truecount="2" falsecount="0"/>
      <line num="10" count="1" type="stmt"/>
      <line num="12" count="4" type="stmt"/>
      <line num="13" count="4" type="stmt"/>
      <line num="14" count="4" type="stmt"/>
      <line num="16" count="4" type="stmt"/>
      <line num="17" count="102" type="stmt"/>
      <line num="18" count="102" type="stmt"/>
      <line num="19" count="102" type="stmt"/>
      <line num="22" count="4" type="stmt"/>
      <line num="23" count="55" type="cond" truecount="2" falsecount="0"/>
      <line num="24" count="33" type="stmt"/>
      <line num="26" count="22" type="stmt"/>
      <line num="27" count="51" type="stmt"/>
      <line num="28" count="51" type="stmt"/>
      <line num="29" count="51" type="stmt"/>
      <line num="34" count="4" type="stmt"/>
      <line num="36" count="4" type="stmt"/>
      <line num="37" count="33" type="cond" truecount="2" falsecount="0"/>
      <line num="38" count="15" type="stmt"/>
      <line num="42" count="4" type="stmt"/>
      <line num="46" count="1" type="stmt"/>
    </file>
    <file name="odd-number.js" path="/mnt/sda/exam/neversitup-test-template/javascript/odd-number.js">
      <metrics statements="6" coveredstatements="6" conditionals="0" coveredconditionals="0" methods="1" coveredmethods="1"/>
      <line num="6" count="1" type="stmt"/>
      <line num="8" count="5" type="stmt"/>
      <line num="9" count="5" type="stmt"/>
      <line num="10" count="23" type="stmt"/>
      <line num="12" count="5" type="stmt"/>
      <line num="16" count="1" type="stmt"/>
    </file>
    <file name="smily.js" path="/mnt/sda/exam/neversitup-test-template/javascript/smily.js">
      <metrics statements="15" coveredstatements="15" conditionals="13" coveredconditionals="12" methods="2" coveredmethods="2"/>
      <line num="6" count="1" type="stmt"/>
      <line num="9" count="3" type="stmt"/>
      <line num="10" count="3" type="stmt"/>
      <line num="11" count="3" type="stmt"/>
      <line num="12" count="3" type="stmt"/>
      <line num="14" count="3" type="stmt"/>
      <line num="15" count="32" type="stmt"/>
      <line num="16" count="13" type="cond" truecount="2" falsecount="0"/>
      <line num="17" count="8" type="cond" truecount="4" falsecount="0"/>
      <line num="18" count="2" type="stmt"/>
      <line num="20" count="5" type="cond" truecount="1" falsecount="1"/>
      <line num="21" count="5" type="cond" truecount="5" falsecount="0"/>
      <line num="22" count="4" type="stmt"/>
      <line num="27" count="3" type="stmt"/>
      <line num="30" count="1" type="stmt"/>
    </file>
  </project>
</coverage>
