{"/mnt/sda/exam/neversitup-test-template/javascript/manipulate.js": {"path":"/mnt/sda/exam/neversitup-test-template/javascript/manipulate.js","statementMap":{"0":{"start":{"line":7,"column":19},"end":{"line":44,"column":1}},"1":{"start":{"line":9,"column":4},"end":{"line":43,"column":5}},"2":{"start":{"line":10,"column":8},"end":{"line":10,"column":17}},"3":{"start":{"line":12,"column":21},"end":{"line":12,"column":23}},"4":{"start":{"line":13,"column":18},"end":{"line":13,"column":39}},"5":{"start":{"line":14,"column":19},"end":{"line":14,"column":21}},"6":{"start":{"line":16,"column":21},"end":{"line":20,"column":9}},"7":{"start":{"line":17,"column":23},"end":{"line":17,"column":29}},"8":{"start":{"line":18,"column":12},"end":{"line":18,"column":27}},"9":{"start":{"line":19,"column":12},"end":{"line":19,"column":25}},"10":{"start":{"line":22,"column":24},"end":{"line":32,"column":9}},"11":{"start":{"line":23,"column":12},"end":{"line":31,"column":13}},"12":{"start":{"line":24,"column":16},"end":{"line":24,"column":39}},"13":{"start":{"line":26,"column":16},"end":{"line":30,"column":17}},"14":{"start":{"line":26,"column":29},"end":{"line":26,"column":34}},"15":{"start":{"line":27,"column":20},"end":{"line":27,"column":39}},"16":{"start":{"line":28,"column":20},"end":{"line":28,"column":48}},"17":{"start":{"line":29,"column":20},"end":{"line":29,"column":39}},"18":{"start":{"line":34,"column":8},"end":{"line":34,"column":40}},"19":{"start":{"line":36,"column":8},"end":{"line":40,"column":9}},"20":{"start":{"line":36,"column":21},"end":{"line":36,"column":22}},"21":{"start":{"line":37,"column":12},"end":{"line":39,"column":13}},"22":{"start":{"line":38,"column":16},"end":{"line":38,"column":36}},"23":{"start":{"line":42,"column":8},"end":{"line":42,"column":28}},"24":{"start":{"line":46,"column":0},"end":{"line":48,"column":1}}},"fnMap":{"0":{"name":"(anonymous_0)","decl":{"start":{"line":7,"column":19},"end":{"line":7,"column":20}},"loc":{"start":{"line":7,"column":29},"end":{"line":44,"column":1}},"line":7},"1":{"name":"(anonymous_1)","decl":{"start":{"line":16,"column":21},"end":{"line":16,"column":22}},"loc":{"start":{"line":16,"column":36},"end":{"line":20,"column":9}},"line":16},"2":{"name":"(anonymous_2)","decl":{"start":{"line":22,"column":24},"end":{"line":22,"column":25}},"loc":{"start":{"line":22,"column":45},"end":{"line":32,"column":9}},"line":22}},"branchMap":{"0":{"loc":{"start":{"line":9,"column":4},"end":{"line":43,"column":5}},"type":"if","locations":[{"start":{"line":9,"column":4},"end":{"line":43,"column":5}},{"start":{"line":11,"column":11},"end":{"line":43,"column":5}}],"line":9},"1":{"loc":{"start":{"line":23,"column":12},"end":{"line":31,"column":13}},"type":"if","locations":[{"start":{"line":23,"column":12},"end":{"line":31,"column":13}},{"start":{"line":25,"column":19},"end":{"line":31,"column":13}}],"line":23},"2":{"loc":{"start":{"line":37,"column":12},"end":{"line":39,"column":13}},"type":"if","locations":[{"start":{"line":37,"column":12},"end":{"line":39,"column":13}},{"start":{},"end":{}}],"line":37}},"s":{"0":1,"1":5,"2":1,"3":4,"4":4,"5":4,"6":4,"7":102,"8":102,"9":102,"10":4,"11":55,"12":33,"13":22,"14":22,"15":51,"16":51,"17":51,"18":4,"19":4,"20":4,"21":33,"22":15,"23":4,"24":1},"f":{"0":5,"1":102,"2":55},"b":{"0":[1,4],"1":[33,22],"2":[15,18]},"_coverageSchema":"1a1c01bbd47fc00a2c39e90264f33305004495a9","hash":"bba80788b534bae21ac531e015d81441a779c40e"}
,"/mnt/sda/exam/neversitup-test-template/javascript/odd-number.js": {"path":"/mnt/sda/exam/neversitup-test-template/javascript/odd-number.js","statementMap":{"0":{"start":{"line":6,"column":22},"end":{"line":13,"column":1}},"1":{"start":{"line":8,"column":17},"end":{"line":8,"column":18}},"2":{"start":{"line":9,"column":4},"end":{"line":11,"column":5}},"3":{"start":{"line":9,"column":17},"end":{"line":9,"column":18}},"4":{"start":{"line":10,"column":8},"end":{"line":10,"column":33}},"5":{"start":{"line":12,"column":4},"end":{"line":12,"column":17}},"6":{"start":{"line":16,"column":0},"end":{"line":18,"column":1}}},"fnMap":{"0":{"name":"(anonymous_0)","decl":{"start":{"line":6,"column":22},"end":{"line":6,"column":23}},"loc":{"start":{"line":6,"column":32},"end":{"line":13,"column":1}},"line":6}},"branchMap":{},"s":{"0":1,"1":5,"2":5,"3":5,"4":23,"5":5,"6":1},"f":{"0":5},"b":{},"_coverageSchema":"1a1c01bbd47fc00a2c39e90264f33305004495a9","hash":"5a8b4b9e385570a5070ceb1405edad9d3e51e826"}
}
