TN:
SF:manipulate.js
FN:7,(anonymous_0)
FN:16,(anonymous_1)
FN:22,(anonymous_2)
FNF:3
FNH:3
FNDA:5,(anonymous_0)
FNDA:102,(anonymous_1)
FNDA:55,(anonymous_2)
DA:7,1
DA:9,5
DA:10,1
DA:12,4
DA:13,4
DA:14,4
DA:16,4
DA:17,102
DA:18,102
DA:19,102
DA:22,4
DA:23,55
DA:24,33
DA:26,22
DA:27,51
DA:28,51
DA:29,51
DA:34,4
DA:36,4
DA:37,33
DA:38,15
DA:42,4
DA:46,1
LF:23
LH:23
BRDA:9,0,0,1
BRDA:9,0,1,4
BRDA:23,1,0,33
BRDA:23,1,1,22
BRDA:37,2,0,15
BRDA:37,2,1,18
BRF:6
BRH:6
end_of_record
TN:
SF:odd-number.js
FN:6,(anonymous_0)
FNF:1
FNH:1
FNDA:5,(anonymous_0)
DA:6,1
DA:8,5
DA:9,5
DA:10,23
DA:12,5
DA:16,1
LF:6
LH:6
BRF:0
BRH:0
end_of_record
TN:
SF:smily.js
FN:6,(anonymous_0)
FN:15,(anonymous_1)
FNF:2
FNH:2
FNDA:3,(anonymous_0)
FNDA:32,(anonymous_1)
DA:6,1
DA:9,3
DA:10,3
DA:11,3
DA:12,3
DA:14,3
DA:15,32
DA:16,13
DA:17,8
DA:18,2
DA:20,5
DA:21,5
DA:22,4
DA:27,3
DA:30,1
LF:15
LH:15
BRDA:16,0,0,8
BRDA:16,0,1,5
BRDA:17,1,0,2
BRDA:17,1,1,6
BRDA:17,2,0,8
BRDA:17,2,1,8
BRDA:20,3,0,5
BRDA:20,3,1,0
BRDA:21,4,0,4
BRDA:21,4,1,1
BRDA:21,5,0,5
BRDA:21,5,1,5
BRDA:21,5,2,5
BRF:13
BRH:12
end_of_record
